<?xml version="1.0" encoding="UTF-8"?>
<testsuite xmlns:xsi="http://www.w3.org/2001/XMLSchema-instance" xsi:noNamespaceSchemaLocation="https://maven.apache.org/surefire/maven-surefire-plugin/xsd/surefire-test-report-3.0.xsd" version="3.0" name="runner.CucumberTestRunner" time="40.799" tests="1" errors="1" skipped="0" failures="0">
  <properties>
[...]
</properties>
  <testcase name="Search for Apple brand and add iPhone 16 Pro case in all 3 materials to cart" classname="Mobile Cover Shopping on CaseKaro" time="39.709">
    <error message="The step &apos;the user is on the CaseKaro homepage&apos; and 16 other step(s) are undefined.&#10;You can implement these steps using the snippet(s) below:&#10;&#10;@Given(&quot;the user is on the CaseKaro homepage&quot;)&#10;public void the_user_is_on_the_case_karo_homepage() {&#10;    // Write code here that turns the phrase above into concrete actions&#10;    throw new io.cucumber.java.PendingException();&#10;}&#10;@When(&quot;the user clicks on {string} menu&quot;)&#10;public void the_user_clicks_on_menu(String string) {&#10;    // Write code here that turns the phrase above into concrete actions&#10;    throw new io.cucumber.java.PendingException();&#10;}&#10;@When(&quot;the user clicks the search button and types {string}&quot;)&#10;public void the_user_clicks_the_search_button_and_types(String string) {&#10;    // Write code here that turns the phrase above into concrete actions&#10;    throw new io.cucumber.java.PendingException();&#10;}&#10;@Then(&quot;only Apple brand results should be visible&quot;)&#10;public void only_apple_brand_results_should_be_visible() {&#10;    // Write code here that turns the phrase above into concrete actions&#10;    throw new io.cucumber.java.PendingException();&#10;}&#10;@Then(&quot;no other brand results should be visible&quot;)&#10;public void no_other_brand_results_should_be_visible() {&#10;    // Write code here that turns the phrase above into concrete actions&#10;    throw new io.cucumber.java.PendingException();&#10;}&#10;@When(&quot;the user clicks on {string} brand&quot;)&#10;public void the_user_clicks_on_brand(String string) {&#10;    // Write code here that turns the phrase above into concrete actions&#10;    throw new io.cucumber.java.PendingException();&#10;}&#10;@When(&quot;the user searches for model {string}&quot;)&#10;public void the_user_searches_for_model(String string) {&#10;    // Write code here that turns the phrase above into concrete actions&#10;    throw new io.cucumber.java.PendingException();&#10;}&#10;@When(&quot;the user clicks {string} for the first item&quot;)&#10;public void the_user_clicks_for_the_first_item(String string) {&#10;    // Write code here that turns the phrase above into concrete actions&#10;    throw new io.cucumber.java.PendingException();&#10;}&#10;@When(&quot;the user adds the {string} material case to cart&quot;)&#10;public void the_user_adds_the_material_case_to_cart(String string) {&#10;    // Write code here that turns the phrase above into concrete actions&#10;    throw new io.cucumber.java.PendingException();&#10;}&#10;@When(&quot;the user goes back to product options&quot;)&#10;public void the_user_goes_back_to_product_options() {&#10;    // Write code here that turns the phrase above into concrete actions&#10;    throw new io.cucumber.java.PendingException();&#10;}&#10;@When(&quot;the user opens the cart&quot;)&#10;public void the_user_opens_the_cart() {&#10;    // Write code here that turns the phrase above into concrete actions&#10;    throw new io.cucumber.java.PendingException();&#10;}&#10;@Then(&quot;the cart should contain {int} items with different materials&quot;)&#10;public void the_cart_should_contain_items_with_different_materials(Integer int1) {&#10;    // Write code here that turns the phrase above into concrete actions&#10;    throw new io.cucumber.java.PendingException();&#10;}&#10;@Then(&quot;the cart should have items with materials {string}, {string}, and {string}&quot;)&#10;public void the_cart_should_have_items_with_materials_and(String string, String string2, String string3) {&#10;    // Write code here that turns the phrase above into concrete actions&#10;    throw new io.cucumber.java.PendingException();&#10;}&#10;@Then(&quot;the price details for all items should be printed in console&quot;)&#10;public void the_price_details_for_all_items_should_be_printed_in_console() {&#10;    // Write code here that turns the phrase above into concrete actions&#10;    throw new io.cucumber.java.PendingException();&#10;}&#10;" type="io.cucumber.junit.platform.engine.UndefinedStepException"><![CDATA[io.cucumber.junit.platform.engine.UndefinedStepException: 
The step 'the user is on the CaseKaro homepage' and 16 other step(s) are undefined.
You can implement these steps using the snippet(s) below:

@Given("the user is on the CaseKaro homepage")
public void the_user_is_on_the_case_karo_homepage() {
    // Write code here that turns the phrase above into concrete actions
    throw new io.cucumber.java.PendingException();
}
@When("the user clicks on {string} menu")
public void the_user_clicks_on_menu(String string) {
    // Write code here that turns the phrase above into concrete actions
    throw new io.cucumber.java.PendingException();
}
@When("the user clicks the search button and types {string}")
public void the_user_clicks_the_search_button_and_types(String string) {
    // Write code here that turns the phrase above into concrete actions
    throw new io.cucumber.java.PendingException();
}
@Then("only Apple brand results should be visible")
public void only_apple_brand_results_should_be_visible() {
    // Write code here that turns the phrase above into concrete actions
    throw new io.cucumber.java.PendingException();
}
@Then("no other brand results should be visible")
public void no_other_brand_results_should_be_visible() {
    // Write code here that turns the phrase above into concrete actions
    throw new io.cucumber.java.PendingException();
}
@When("the user clicks on {string} brand")
public void the_user_clicks_on_brand(String string) {
    // Write code here that turns the phrase above into concrete actions
    throw new io.cucumber.java.PendingException();
}
@When("the user searches for model {string}")
public void the_user_searches_for_model(String string) {
    // Write code here that turns the phrase above into concrete actions
    throw new io.cucumber.java.PendingException();
}
@When("the user clicks {string} for the first item")
public void the_user_clicks_for_the_first_item(String string) {
    // Write code here that turns the phrase above into concrete actions
    throw new io.cucumber.java.PendingException();
}
@When("the user adds the {string} material case to cart")
public void the_user_adds_the_material_case_to_cart(String string) {
    // Write code here that turns the phrase above into concrete actions
    throw new io.cucumber.java.PendingException();
}
@When("the user goes back to product options")
public void the_user_goes_back_to_product_options() {
    // Write code here that turns the phrase above into concrete actions
    throw new io.cucumber.java.PendingException();
}
@When("the user opens the cart")
public void the_user_opens_the_cart() {
    // Write code here that turns the phrase above into concrete actions
    throw new io.cucumber.java.PendingException();
}
@Then("the cart should contain {int} items with different materials")
public void the_cart_should_contain_items_with_different_materials(Integer int1) {
    // Write code here that turns the phrase above into concrete actions
    throw new io.cucumber.java.PendingException();
}
@Then("the cart should have items with materials {string}, {string}, and {string}")
public void the_cart_should_have_items_with_materials_and(String string, String string2, String string3) {
    // Write code here that turns the phrase above into concrete actions
    throw new io.cucumber.java.PendingException();
}
@Then("the price details for all items should be printed in console")
public void the_price_details_for_all_items_should_be_printed_in_console() {
    // Write code here that turns the phrase above into concrete actions
    throw new io.cucumber.java.PendingException();
}

	at io.cucumber.core.runtime.TestCaseResultObserver.assertTestCasePassed(TestCaseResultObserver.java:69)
	at io.cucumber.junit.platform.engine.TestCaseResultObserver.assertTestCasePassed(TestCaseResultObserver.java:22)
	at io.cucumber.junit.platform.engine.CucumberEngineExecutionContext.lambda$runTestCase$4(CucumberEngineExecutionContext.java:114)
	at io.cucumber.core.runtime.CucumberExecutionContext.lambda$runTestCase$5(CucumberExecutionContext.java:136)
	at io.cucumber.core.runtime.RethrowingThrowableCollector.executeAndThrow(RethrowingThrowableCollector.java:23)
	at io.cucumber.core.runtime.CucumberExecutionContext.runTestCase(CucumberExecutionContext.java:136)
	at io.cucumber.junit.platform.engine.CucumberEngineExecutionContext.runTestCase(CucumberEngineExecutionContext.java:109)
	at io.cucumber.junit.platform.engine.NodeDescriptor$PickleDescriptor.execute(NodeDescriptor.java:168)
	at io.cucumber.junit.platform.engine.NodeDescriptor$PickleDescriptor.execute(NodeDescriptor.java:90)
	at java.base/java.util.ArrayList.forEach(ArrayList.java:1604)
	at java.base/java.util.ArrayList.forEach(ArrayList.java:1604)
]]></error>
    <system-out><![CDATA[
Scenario: Search for Apple brand and add iPhone 16 Pro case in all 3 materials to cart &amp#27;[90m# features/MobileCoverShopping.feature:10&amp#27;[0m
  &amp#27;[33mGiven &amp#27;[0m&amp#27;[33mthe user is on the CaseKaro homepage&amp#27;[0m
  &amp#27;[36mWhen &amp#27;[0m&amp#27;[36mthe user clicks on "Mobile Covers" menu&amp#27;[0m
  &amp#27;[36mAnd &amp#27;[0m&amp#27;[36mthe user clicks the search button and types "Apple"&amp#27;[0m
  &amp#27;[36mThen &amp#27;[0m&amp#27;[36monly Apple brand results should be visible&amp#27;[0m
  &amp#27;[36mAnd &amp#27;[0m&amp#27;[36mno other brand results should be visible&amp#27;[0m
  &amp#27;[36mWhen &amp#27;[0m&amp#27;[36mthe user clicks on "Apple" brand&amp#27;[0m
  &amp#27;[36mAnd &amp#27;[0m&amp#27;[36mthe user searches for model "Iphone 16 pro"&amp#27;[0m
  &amp#27;[36mAnd &amp#27;[0m&amp#27;[36mthe user clicks "Choose options" for the first item&amp#27;[0m
  &amp#27;[36mAnd &amp#27;[0m&amp#27;[36mthe user adds the "Hard" material case to cart&amp#27;[0m
  &amp#27;[36mAnd &amp#27;[0m&amp#27;[36mthe user goes back to product options&amp#27;[0m
  &amp#27;[36mAnd &amp#27;[0m&amp#27;[36mthe user adds the "Soft" material case to cart&amp#27;[0m
  &amp#27;[36mAnd &amp#27;[0m&amp#27;[36mthe user goes back to product options&amp#27;[0m
  &amp#27;[36mAnd &amp#27;[0m&amp#27;[36mthe user adds the "Glass" material case to cart&amp#27;[0m
  &amp#27;[36mAnd &amp#27;[0m&amp#27;[36mthe user opens the cart&amp#27;[0m
  &amp#27;[36mThen &amp#27;[0m&amp#27;[36mthe cart should contain 3 items with different materials&amp#27;[0m
  &amp#27;[36mAnd &amp#27;[0m&amp#27;[36mthe cart should have items with materials "Hard", "Soft", and "Glass"&amp#27;[0m
  &amp#27;[36mAnd &amp#27;[0m&amp#27;[36mthe price details for all items should be printed in console&amp#27;[0m
]]></system-out>
  </testcase>
</testsuite>